[0.014s] Invoking command in '/home/ibz/dev_ws/build/my_package': CMAKE_PREFIX_PATH=/opt/ros/humble /usr/bin/cmake /home/ibz/dev_ws/src/my_package -DAMENT_CMAKE_SYMLINK_INSTALL=1 -DCMAKE_INSTALL_PREFIX=/home/ibz/dev_ws/install/my_package
[0.073s] -- The C compiler identification is GNU 11.4.0
[0.122s] -- The CXX compiler identification is GNU 11.4.0
[0.129s] -- Detecting C compiler ABI info
[0.177s] -- Detecting C compiler ABI info - done
[0.182s] -- Check for working C compiler: /usr/bin/cc - skipped
[0.182s] -- Detecting C compile features
[0.182s] -- Detecting C compile features - done
[0.185s] -- Detecting CXX compiler ABI info
[0.238s] -- Detecting CXX compiler ABI info - done
[0.243s] -- Check for working CXX compiler: /usr/bin/c++ - skipped
[0.243s] -- Detecting CXX compile features
[0.244s] -- Detecting CXX compile features - done
[0.247s] -- Found ament_cmake: 1.3.10 (/opt/ros/humble/share/ament_cmake/cmake)
[0.347s] -- Found Python3: /usr/bin/python3 (found version "3.10.12") found components: Interpreter 
[0.390s] -- Override CMake install command with custom implementation using symlinks instead of copying resources
[0.410s] -- Found ament_lint_auto: 0.12.11 (/opt/ros/humble/share/ament_lint_auto/cmake)
[0.466s] -- Added test 'flake8' to check Python code syntax and style conventions
[0.466s] -- Added test 'lint_cmake' to check CMake code style
[0.467s] -- Added test 'pep257' to check Python code against some of the docstring style conventions in PEP 257
[0.467s] -- Added test 'xmllint' to check XML markup files
[0.469s] -- Configuring done
[0.470s] -- Generating done
[0.471s] -- Build files have been written to: /home/ibz/dev_ws/build/my_package
[0.474s] Invoked command in '/home/ibz/dev_ws/build/my_package' returned '0': CMAKE_PREFIX_PATH=/opt/ros/humble /usr/bin/cmake /home/ibz/dev_ws/src/my_package -DAMENT_CMAKE_SYMLINK_INSTALL=1 -DCMAKE_INSTALL_PREFIX=/home/ibz/dev_ws/install/my_package
[0.475s] Invoking command in '/home/ibz/dev_ws/build/my_package': CMAKE_PREFIX_PATH=/opt/ros/humble /usr/bin/cmake --build /home/ibz/dev_ws/build/my_package -- -j12 -l12
[0.500s] Invoked command in '/home/ibz/dev_ws/build/my_package' returned '0': CMAKE_PREFIX_PATH=/opt/ros/humble /usr/bin/cmake --build /home/ibz/dev_ws/build/my_package -- -j12 -l12
[0.520s] Invoking command in '/home/ibz/dev_ws/build/my_package': CMAKE_PREFIX_PATH=/opt/ros/humble /usr/bin/cmake --install /home/ibz/dev_ws/build/my_package
[0.525s] -- Install configuration: ""
[0.525s] -- Execute custom install script
[0.525s] [31mCMake Error at ament_cmake_symlink_install/ament_cmake_symlink_install.cmake:100 (message):
[0.525s]   ament_cmake_symlink_install_directory() can't find
[0.525s]   '/home/ibz/dev_ws/src/my_package/launch'
[0.525s] Call Stack (most recent call first):
[0.525s]   ament_cmake_symlink_install/ament_cmake_symlink_install.cmake:314 (ament_cmake_symlink_install_directory)
[0.525s]   cmake_install.cmake:46 (include)
[0.525s] 
[0.525s] [0m
[0.526s] Invoked command in '/home/ibz/dev_ws/build/my_package' returned '1': CMAKE_PREFIX_PATH=/opt/ros/humble /usr/bin/cmake --install /home/ibz/dev_ws/build/my_package
